{"/Users/banderen/Documents/lab-orders-lite/app/api/orders/route.ts": {"path":"/Users/banderen/Documents/lab-orders-lite/app/api/orders/route.ts","statementMap":{"0":{"start":{"line":9,"column":2},"end":{"line":45,"column":null}},"1":{"start":{"line":10,"column":25},"end":{"line":10,"column":null}},"2":{"start":{"line":11,"column":19},"end":{"line":11,"column":null}},"3":{"start":{"line":12,"column":22},"end":{"line":12,"column":null}},"4":{"start":{"line":13,"column":19},"end":{"line":13,"column":null}},"5":{"start":{"line":15,"column":19},"end":{"line":39,"column":null}},"6":{"start":{"line":41,"column":4},"end":{"line":41,"column":null}},"7":{"start":{"line":43,"column":4},"end":{"line":43,"column":null}},"8":{"start":{"line":44,"column":4},"end":{"line":44,"column":null}},"9":{"start":{"line":49,"column":2},"end":{"line":97,"column":null}},"10":{"start":{"line":50,"column":17},"end":{"line":50,"column":null}},"11":{"start":{"line":51,"column":22},"end":{"line":51,"column":null}},"12":{"start":{"line":53,"column":23},"end":{"line":53,"column":null}},"13":{"start":{"line":54,"column":21},"end":{"line":54,"column":null}},"14":{"start":{"line":55,"column":29},"end":{"line":55,"column":null}},"15":{"start":{"line":57,"column":18},"end":{"line":80,"column":null}},"16":{"start":{"line":65,"column":49},"end":{"line":69,"column":12}},"17":{"start":{"line":82,"column":4},"end":{"line":82,"column":null}},"18":{"start":{"line":84,"column":4},"end":{"line":94,"column":null}},"19":{"start":{"line":85,"column":6},"end":{"line":93,"column":null}},"20":{"start":{"line":87,"column":43},"end":{"line":90,"column":12}},"21":{"start":{"line":95,"column":4},"end":{"line":95,"column":null}},"22":{"start":{"line":96,"column":4},"end":{"line":96,"column":null}}},"fnMap":{"0":{"name":"GET","decl":{"start":{"line":8,"column":22},"end":{"line":8,"column":26}},"loc":{"start":{"line":8,"column":48},"end":{"line":46,"column":null}}},"1":{"name":"POST","decl":{"start":{"line":48,"column":22},"end":{"line":48,"column":27}},"loc":{"start":{"line":48,"column":49},"end":{"line":98,"column":null}}},"2":{"name":"(anonymous_2)","decl":{"start":{"line":65,"column":38},"end":{"line":65,"column":39}},"loc":{"start":{"line":65,"column":49},"end":{"line":69,"column":12}}},"3":{"name":"(anonymous_3)","decl":{"start":{"line":87,"column":35},"end":{"line":87,"column":36}},"loc":{"start":{"line":87,"column":43},"end":{"line":90,"column":12}}}},"branchMap":{"0":{"loc":{"start":{"line":17,"column":12},"end":{"line":17,"column":null}},"type":"binary-expr","locations":[{"start":{"line":17,"column":12},"end":{"line":17,"column":22}},{"start":{"line":17,"column":22},"end":{"line":17,"column":null}}]},"1":{"loc":{"start":{"line":18,"column":12},"end":{"line":18,"column":null}},"type":"binary-expr","locations":[{"start":{"line":18,"column":12},"end":{"line":18,"column":25}},{"start":{"line":18,"column":25},"end":{"line":18,"column":null}}]},"2":{"loc":{"start":{"line":19,"column":12},"end":{"line":26,"column":null}},"type":"binary-expr","locations":[{"start":{"line":19,"column":12},"end":{"line":19,"column":22}},{"start":{"line":19,"column":22},"end":{"line":26,"column":null}}]},"3":{"loc":{"start":{"line":84,"column":4},"end":{"line":94,"column":null}},"type":"if","locations":[{"start":{"line":84,"column":4},"end":{"line":94,"column":null}},{"start":{},"end":{}}]}},"s":{"0":4,"1":4,"2":4,"3":4,"4":4,"5":4,"6":3,"7":1,"8":1,"9":3,"10":3,"11":3,"12":2,"13":2,"14":2,"15":2,"16":3,"17":1,"18":2,"19":1,"20":2,"21":1,"22":1},"f":{"0":4,"1":3,"2":3,"3":2},"b":{"0":[4,1],"1":[4,1],"2":[4,2],"3":[1,1]}}
,"/Users/banderen/Documents/lab-orders-lite/app/api/orders/[id]/route.ts": {"path":"/Users/banderen/Documents/lab-orders-lite/app/api/orders/[id]/route.ts","statementMap":{"0":{"start":{"line":9,"column":2},"end":{"line":32,"column":null}},"1":{"start":{"line":10,"column":19},"end":{"line":10,"column":null}},"2":{"start":{"line":12,"column":18},"end":{"line":22,"column":null}},"3":{"start":{"line":24,"column":4},"end":{"line":26,"column":null}},"4":{"start":{"line":25,"column":6},"end":{"line":25,"column":null}},"5":{"start":{"line":28,"column":4},"end":{"line":28,"column":null}},"6":{"start":{"line":30,"column":4},"end":{"line":30,"column":null}},"7":{"start":{"line":31,"column":4},"end":{"line":31,"column":null}},"8":{"start":{"line":36,"column":2},"end":{"line":93,"column":null}},"9":{"start":{"line":37,"column":19},"end":{"line":37,"column":null}},"10":{"start":{"line":38,"column":17},"end":{"line":38,"column":null}},"11":{"start":{"line":39,"column":22},"end":{"line":39,"column":null}},"12":{"start":{"line":42,"column":26},"end":{"line":45,"column":null}},"13":{"start":{"line":47,"column":4},"end":{"line":49,"column":null}},"14":{"start":{"line":48,"column":6},"end":{"line":48,"column":null}},"15":{"start":{"line":52,"column":78},"end":{"line":58,"column":null}},"16":{"start":{"line":60,"column":26},"end":{"line":60,"column":null}},"17":{"start":{"line":61,"column":22},"end":{"line":61,"column":null}},"18":{"start":{"line":63,"column":4},"end":{"line":71,"column":null}},"19":{"start":{"line":64,"column":6},"end":{"line":70,"column":null}},"20":{"start":{"line":73,"column":18},"end":{"line":84,"column":null}},"21":{"start":{"line":86,"column":4},"end":{"line":86,"column":null}},"22":{"start":{"line":88,"column":4},"end":{"line":90,"column":null}},"23":{"start":{"line":89,"column":6},"end":{"line":89,"column":null}},"24":{"start":{"line":91,"column":4},"end":{"line":91,"column":null}},"25":{"start":{"line":92,"column":4},"end":{"line":92,"column":null}}},"fnMap":{"0":{"name":"GET","decl":{"start":{"line":8,"column":22},"end":{"line":8,"column":26}},"loc":{"start":{"line":8,"column":97},"end":{"line":33,"column":null}}},"1":{"name":"PATCH","decl":{"start":{"line":35,"column":22},"end":{"line":35,"column":28}},"loc":{"start":{"line":35,"column":99},"end":{"line":94,"column":null}}}},"branchMap":{"0":{"loc":{"start":{"line":24,"column":4},"end":{"line":26,"column":null}},"type":"if","locations":[{"start":{"line":24,"column":4},"end":{"line":26,"column":null}},{"start":{},"end":{}}]},"1":{"loc":{"start":{"line":47,"column":4},"end":{"line":49,"column":null}},"type":"if","locations":[{"start":{"line":47,"column":4},"end":{"line":49,"column":null}},{"start":{},"end":{}}]},"2":{"loc":{"start":{"line":63,"column":4},"end":{"line":71,"column":null}},"type":"if","locations":[{"start":{"line":63,"column":4},"end":{"line":71,"column":null}},{"start":{},"end":{}}]},"3":{"loc":{"start":{"line":88,"column":4},"end":{"line":90,"column":null}},"type":"if","locations":[{"start":{"line":88,"column":4},"end":{"line":90,"column":null}},{"start":{},"end":{}}]}},"s":{"0":0,"1":0,"2":0,"3":0,"4":0,"5":0,"6":0,"7":0,"8":5,"9":5,"10":5,"11":5,"12":4,"13":4,"14":1,"15":3,"16":3,"17":3,"18":3,"19":1,"20":2,"21":1,"22":2,"23":1,"24":1,"25":1},"f":{"0":0,"1":5},"b":{"0":[0,0],"1":[1,3],"2":[1,2],"3":[1,1]}}
,"/Users/banderen/Documents/lab-orders-lite/app/api/patients/route.ts": {"path":"/Users/banderen/Documents/lab-orders-lite/app/api/patients/route.ts","statementMap":{"0":{"start":{"line":8,"column":2},"end":{"line":211,"column":null}},"1":{"start":{"line":9,"column":25},"end":{"line":9,"column":null}},"2":{"start":{"line":10,"column":19},"end":{"line":10,"column":null}},"3":{"start":{"line":11,"column":18},"end":{"line":11,"column":null}},"4":{"start":{"line":13,"column":48},"end":{"line":13,"column":null}},"5":{"start":{"line":15,"column":4},"end":{"line":198,"column":null}},"6":{"start":{"line":16,"column":6},"end":{"line":197,"column":null}},"7":{"start":{"line":18,"column":10},"end":{"line":23,"column":null}},"8":{"start":{"line":24,"column":10},"end":{"line":24,"column":null}},"9":{"start":{"line":26,"column":10},"end":{"line":31,"column":null}},"10":{"start":{"line":32,"column":10},"end":{"line":32,"column":null}},"11":{"start":{"line":34,"column":10},"end":{"line":39,"column":null}},"12":{"start":{"line":40,"column":10},"end":{"line":40,"column":null}},"13":{"start":{"line":43,"column":30},"end":{"line":43,"column":null}},"14":{"start":{"line":47,"column":10},"end":{"line":92,"column":null}},"15":{"start":{"line":49,"column":12},"end":{"line":49,"column":null}},"16":{"start":{"line":50,"column":12},"end":{"line":50,"column":null}},"17":{"start":{"line":51,"column":10},"end":{"line":92,"column":null}},"18":{"start":{"line":53,"column":26},"end":{"line":55,"column":null}},"19":{"start":{"line":56,"column":34},"end":{"line":56,"column":null}},"20":{"start":{"line":57,"column":12},"end":{"line":57,"column":null}},"21":{"start":{"line":58,"column":12},"end":{"line":58,"column":null}},"22":{"start":{"line":59,"column":10},"end":{"line":92,"column":null}},"23":{"start":{"line":64,"column":26},"end":{"line":66,"column":null}},"24":{"start":{"line":67,"column":39},"end":{"line":69,"column":null}},"25":{"start":{"line":70,"column":12},"end":{"line":70,"column":null}},"26":{"start":{"line":71,"column":12},"end":{"line":71,"column":null}},"27":{"start":{"line":74,"column":12},"end":{"line":91,"column":null}},"28":{"start":{"line":75,"column":33},"end":{"line":75,"column":null}},"29":{"start":{"line":76,"column":14},"end":{"line":87,"column":null}},"30":{"start":{"line":77,"column":16},"end":{"line":81,"column":null}},"31":{"start":{"line":82,"column":16},"end":{"line":82,"column":null}},"32":{"start":{"line":85,"column":16},"end":{"line":85,"column":null}},"33":{"start":{"line":86,"column":16},"end":{"line":86,"column":null}},"34":{"start":{"line":89,"column":14},"end":{"line":89,"column":null}},"35":{"start":{"line":90,"column":14},"end":{"line":90,"column":null}},"36":{"start":{"line":94,"column":10},"end":{"line":99,"column":null}},"37":{"start":{"line":100,"column":10},"end":{"line":100,"column":null}},"38":{"start":{"line":104,"column":31},"end":{"line":113,"column":null}},"39":{"start":{"line":105,"column":12},"end":{"line":111,"column":null}},"40":{"start":{"line":115,"column":63},"end":{"line":134,"column":null}},"41":{"start":{"line":137,"column":10},"end":{"line":191,"column":null}},"42":{"start":{"line":138,"column":32},"end":{"line":138,"column":null}},"43":{"start":{"line":142,"column":12},"end":{"line":190,"column":null}},"44":{"start":{"line":143,"column":14},"end":{"line":180,"column":null}},"45":{"start":{"line":145,"column":16},"end":{"line":145,"column":null}},"46":{"start":{"line":146,"column":16},"end":{"line":146,"column":null}},"47":{"start":{"line":147,"column":14},"end":{"line":180,"column":null}},"48":{"start":{"line":152,"column":30},"end":{"line":154,"column":null}},"49":{"start":{"line":155,"column":38},"end":{"line":155,"column":null}},"50":{"start":{"line":156,"column":16},"end":{"line":156,"column":null}},"51":{"start":{"line":157,"column":16},"end":{"line":157,"column":null}},"52":{"start":{"line":158,"column":14},"end":{"line":180,"column":null}},"53":{"start":{"line":163,"column":30},"end":{"line":165,"column":null}},"54":{"start":{"line":166,"column":43},"end":{"line":168,"column":null}},"55":{"start":{"line":169,"column":16},"end":{"line":169,"column":null}},"56":{"start":{"line":170,"column":16},"end":{"line":170,"column":null}},"57":{"start":{"line":173,"column":35},"end":{"line":173,"column":null}},"58":{"start":{"line":174,"column":16},"end":{"line":178,"column":null}},"59":{"start":{"line":179,"column":16},"end":{"line":179,"column":null}},"60":{"start":{"line":182,"column":14},"end":{"line":187,"column":null}},"61":{"start":{"line":193,"column":10},"end":{"line":195,"column":null}},"62":{"start":{"line":196,"column":10},"end":{"line":196,"column":null}},"63":{"start":{"line":200,"column":21},"end":{"line":205,"column":null}},"64":{"start":{"line":207,"column":4},"end":{"line":207,"column":null}},"65":{"start":{"line":209,"column":4},"end":{"line":209,"column":null}},"66":{"start":{"line":210,"column":4},"end":{"line":210,"column":null}},"67":{"start":{"line":215,"column":2},"end":{"line":253,"column":null}},"68":{"start":{"line":216,"column":4},"end":{"line":216,"column":null}},"69":{"start":{"line":217,"column":17},"end":{"line":217,"column":null}},"70":{"start":{"line":218,"column":4},"end":{"line":218,"column":null}},"71":{"start":{"line":220,"column":22},"end":{"line":220,"column":null}},"72":{"start":{"line":221,"column":4},"end":{"line":221,"column":null}},"73":{"start":{"line":223,"column":23},"end":{"line":228,"column":null}},"74":{"start":{"line":229,"column":4},"end":{"line":229,"column":null}},"75":{"start":{"line":231,"column":20},"end":{"line":233,"column":null}},"76":{"start":{"line":235,"column":4},"end":{"line":235,"column":null}},"77":{"start":{"line":236,"column":4},"end":{"line":236,"column":null}},"78":{"start":{"line":238,"column":4},"end":{"line":238,"column":null}},"79":{"start":{"line":239,"column":4},"end":{"line":250,"column":null}},"80":{"start":{"line":240,"column":6},"end":{"line":240,"column":null}},"81":{"start":{"line":241,"column":6},"end":{"line":249,"column":null}},"82":{"start":{"line":243,"column":43},"end":{"line":246,"column":12}},"83":{"start":{"line":251,"column":4},"end":{"line":251,"column":null}},"84":{"start":{"line":252,"column":4},"end":{"line":252,"column":null}},"85":{"start":{"line":257,"column":2},"end":{"line":312,"column":null}},"86":{"start":{"line":258,"column":4},"end":{"line":258,"column":null}},"87":{"start":{"line":259,"column":17},"end":{"line":259,"column":null}},"88":{"start":{"line":260,"column":4},"end":{"line":260,"column":null}},"89":{"start":{"line":262,"column":22},"end":{"line":262,"column":null}},"90":{"start":{"line":263,"column":4},"end":{"line":263,"column":null}},"91":{"start":{"line":265,"column":34},"end":{"line":265,"column":null}},"92":{"start":{"line":266,"column":4},"end":{"line":266,"column":null}},"93":{"start":{"line":268,"column":20},"end":{"line":278,"column":null}},"94":{"start":{"line":280,"column":4},"end":{"line":280,"column":null}},"95":{"start":{"line":281,"column":4},"end":{"line":281,"column":null}},"96":{"start":{"line":283,"column":4},"end":{"line":283,"column":null}},"97":{"start":{"line":284,"column":4},"end":{"line":295,"column":null}},"98":{"start":{"line":285,"column":6},"end":{"line":285,"column":null}},"99":{"start":{"line":286,"column":6},"end":{"line":294,"column":null}},"100":{"start":{"line":288,"column":43},"end":{"line":291,"column":12}},"101":{"start":{"line":297,"column":4},"end":{"line":309,"column":null}},"102":{"start":{"line":298,"column":6},"end":{"line":308,"column":null}},"103":{"start":{"line":311,"column":4},"end":{"line":311,"column":null}}},"fnMap":{"0":{"name":"GET","decl":{"start":{"line":7,"column":22},"end":{"line":7,"column":26}},"loc":{"start":{"line":7,"column":48},"end":{"line":212,"column":null}}},"1":{"name":"(anonymous_1)","decl":{"start":{"line":104,"column":31},"end":{"line":104,"column":32}},"loc":{"start":{"line":104,"column":54},"end":{"line":113,"column":null}}},"2":{"name":"POST","decl":{"start":{"line":214,"column":22},"end":{"line":214,"column":27}},"loc":{"start":{"line":214,"column":49},"end":{"line":254,"column":null}}},"3":{"name":"(anonymous_3)","decl":{"start":{"line":243,"column":35},"end":{"line":243,"column":36}},"loc":{"start":{"line":243,"column":43},"end":{"line":246,"column":12}}},"4":{"name":"PATCH","decl":{"start":{"line":256,"column":22},"end":{"line":256,"column":28}},"loc":{"start":{"line":256,"column":50},"end":{"line":313,"column":null}}},"5":{"name":"(anonymous_5)","decl":{"start":{"line":288,"column":35},"end":{"line":288,"column":36}},"loc":{"start":{"line":288,"column":43},"end":{"line":291,"column":12}}}},"branchMap":{"0":{"loc":{"start":{"line":10,"column":19},"end":{"line":10,"column":null}},"type":"binary-expr","locations":[{"start":{"line":10,"column":19},"end":{"line":10,"column":49}},{"start":{"line":10,"column":49},"end":{"line":10,"column":null}}]},"1":{"loc":{"start":{"line":11,"column":18},"end":{"line":11,"column":null}},"type":"binary-expr","locations":[{"start":{"line":11,"column":18},"end":{"line":11,"column":47}},{"start":{"line":11,"column":47},"end":{"line":11,"column":null}}]},"2":{"loc":{"start":{"line":15,"column":4},"end":{"line":198,"column":null}},"type":"if","locations":[{"start":{"line":15,"column":4},"end":{"line":198,"column":null}},{"start":{},"end":{}}]},"3":{"loc":{"start":{"line":16,"column":6},"end":{"line":197,"column":null}},"type":"switch","locations":[{"start":{"line":17,"column":8},"end":{"line":24,"column":null}},{"start":{"line":25,"column":8},"end":{"line":32,"column":null}},{"start":{"line":33,"column":8},"end":{"line":40,"column":null}},{"start":{"line":41,"column":8},"end":{"line":100,"column":null}},{"start":{"line":101,"column":8},"end":{"line":101,"column":null}},{"start":{"line":102,"column":8},"end":{"line":196,"column":null}}]},"4":{"loc":{"start":{"line":47,"column":10},"end":{"line":92,"column":null}},"type":"if","locations":[{"start":{"line":47,"column":10},"end":{"line":92,"column":null}},{"start":{"line":51,"column":10},"end":{"line":92,"column":null}}]},"5":{"loc":{"start":{"line":51,"column":10},"end":{"line":92,"column":null}},"type":"if","locations":[{"start":{"line":51,"column":10},"end":{"line":92,"column":null}},{"start":{"line":59,"column":10},"end":{"line":92,"column":null}}]},"6":{"loc":{"start":{"line":51,"column":21},"end":{"line":51,"column":98}},"type":"binary-expr","locations":[{"start":{"line":51,"column":21},"end":{"line":51,"column":61}},{"start":{"line":51,"column":61},"end":{"line":51,"column":98}}]},"7":{"loc":{"start":{"line":53,"column":26},"end":{"line":55,"column":null}},"type":"cond-expr","locations":[{"start":{"line":54,"column":16},"end":{"line":54,"column":null}},{"start":{"line":55,"column":16},"end":{"line":55,"column":null}}]},"8":{"loc":{"start":{"line":56,"column":34},"end":{"line":56,"column":null}},"type":"cond-expr","locations":[{"start":{"line":56,"column":62},"end":{"line":56,"column":70}},{"start":{"line":56,"column":70},"end":{"line":56,"column":null}}]},"9":{"loc":{"start":{"line":59,"column":10},"end":{"line":92,"column":null}},"type":"if","locations":[{"start":{"line":59,"column":10},"end":{"line":92,"column":null}},{"start":{"line":72,"column":17},"end":{"line":92,"column":null}}]},"10":{"loc":{"start":{"line":60,"column":12},"end":{"line":61,"column":null}},"type":"binary-expr","locations":[{"start":{"line":60,"column":12},"end":{"line":60,"column":null}},{"start":{"line":61,"column":12},"end":{"line":61,"column":null}}]},"11":{"loc":{"start":{"line":64,"column":26},"end":{"line":66,"column":null}},"type":"cond-expr","locations":[{"start":{"line":65,"column":16},"end":{"line":65,"column":null}},{"start":{"line":66,"column":16},"end":{"line":66,"column":null}}]},"12":{"loc":{"start":{"line":67,"column":39},"end":{"line":69,"column":null}},"type":"cond-expr","locations":[{"start":{"line":68,"column":16},"end":{"line":68,"column":null}},{"start":{"line":69,"column":16},"end":{"line":69,"column":null}}]},"13":{"loc":{"start":{"line":76,"column":14},"end":{"line":87,"column":null}},"type":"if","locations":[{"start":{"line":76,"column":14},"end":{"line":87,"column":null}},{"start":{"line":83,"column":21},"end":{"line":87,"column":null}}]},"14":{"loc":{"start":{"line":106,"column":14},"end":{"line":111,"column":null}},"type":"binary-expr","locations":[{"start":{"line":106,"column":14},"end":{"line":106,"column":null}},{"start":{"line":107,"column":14},"end":{"line":107,"column":null}},{"start":{"line":108,"column":14},"end":{"line":108,"column":null}},{"start":{"line":109,"column":14},"end":{"line":109,"column":null}},{"start":{"line":110,"column":14},"end":{"line":110,"column":null}},{"start":{"line":111,"column":14},"end":{"line":111,"column":null}}]},"15":{"loc":{"start":{"line":137,"column":10},"end":{"line":191,"column":null}},"type":"if","locations":[{"start":{"line":137,"column":10},"end":{"line":191,"column":null}},{"start":{},"end":{}}]},"16":{"loc":{"start":{"line":143,"column":14},"end":{"line":180,"column":null}},"type":"if","locations":[{"start":{"line":143,"column":14},"end":{"line":180,"column":null}},{"start":{"line":147,"column":14},"end":{"line":180,"column":null}}]},"17":{"loc":{"start":{"line":147,"column":14},"end":{"line":180,"column":null}},"type":"if","locations":[{"start":{"line":147,"column":14},"end":{"line":180,"column":null}},{"start":{"line":158,"column":14},"end":{"line":180,"column":null}}]},"18":{"loc":{"start":{"line":148,"column":16},"end":{"line":149,"column":null}},"type":"binary-expr","locations":[{"start":{"line":148,"column":16},"end":{"line":148,"column":null}},{"start":{"line":149,"column":16},"end":{"line":149,"column":null}}]},"19":{"loc":{"start":{"line":152,"column":30},"end":{"line":154,"column":null}},"type":"cond-expr","locations":[{"start":{"line":153,"column":20},"end":{"line":153,"column":null}},{"start":{"line":154,"column":20},"end":{"line":154,"column":null}}]},"20":{"loc":{"start":{"line":155,"column":38},"end":{"line":155,"column":null}},"type":"cond-expr","locations":[{"start":{"line":155,"column":66},"end":{"line":155,"column":74}},{"start":{"line":155,"column":74},"end":{"line":155,"column":null}}]},"21":{"loc":{"start":{"line":158,"column":14},"end":{"line":180,"column":null}},"type":"if","locations":[{"start":{"line":158,"column":14},"end":{"line":180,"column":null}},{"start":{"line":171,"column":21},"end":{"line":180,"column":null}}]},"22":{"loc":{"start":{"line":159,"column":16},"end":{"line":160,"column":null}},"type":"binary-expr","locations":[{"start":{"line":159,"column":16},"end":{"line":159,"column":null}},{"start":{"line":160,"column":16},"end":{"line":160,"column":null}}]},"23":{"loc":{"start":{"line":163,"column":30},"end":{"line":165,"column":null}},"type":"cond-expr","locations":[{"start":{"line":164,"column":20},"end":{"line":164,"column":null}},{"start":{"line":165,"column":20},"end":{"line":165,"column":null}}]},"24":{"loc":{"start":{"line":166,"column":43},"end":{"line":168,"column":null}},"type":"cond-expr","locations":[{"start":{"line":167,"column":20},"end":{"line":167,"column":null}},{"start":{"line":168,"column":20},"end":{"line":168,"column":null}}]},"25":{"loc":{"start":{"line":226,"column":13},"end":{"line":226,"column":null}},"type":"binary-expr","locations":[{"start":{"line":226,"column":13},"end":{"line":226,"column":32}},{"start":{"line":226,"column":32},"end":{"line":226,"column":null}}]},"26":{"loc":{"start":{"line":227,"column":13},"end":{"line":227,"column":null}},"type":"binary-expr","locations":[{"start":{"line":227,"column":13},"end":{"line":227,"column":32}},{"start":{"line":227,"column":32},"end":{"line":227,"column":null}}]},"27":{"loc":{"start":{"line":239,"column":4},"end":{"line":250,"column":null}},"type":"if","locations":[{"start":{"line":239,"column":4},"end":{"line":250,"column":null}},{"start":{},"end":{}}]},"28":{"loc":{"start":{"line":272,"column":13},"end":{"line":272,"column":null}},"type":"cond-expr","locations":[{"start":{"line":272,"column":30},"end":{"line":272,"column":57}},{"start":{"line":272,"column":57},"end":{"line":272,"column":null}}]},"29":{"loc":{"start":{"line":274,"column":10},"end":{"line":274,"column":null}},"type":"cond-expr","locations":[{"start":{"line":274,"column":70},"end":{"line":274,"column":89}},{"start":{"line":274,"column":89},"end":{"line":274,"column":null}}]},"30":{"loc":{"start":{"line":274,"column":10},"end":{"line":274,"column":70}},"type":"binary-expr","locations":[{"start":{"line":274,"column":10},"end":{"line":274,"column":44}},{"start":{"line":274,"column":44},"end":{"line":274,"column":70}}]},"31":{"loc":{"start":{"line":276,"column":10},"end":{"line":276,"column":null}},"type":"cond-expr","locations":[{"start":{"line":276,"column":70},"end":{"line":276,"column":89}},{"start":{"line":276,"column":89},"end":{"line":276,"column":null}}]},"32":{"loc":{"start":{"line":276,"column":10},"end":{"line":276,"column":70}},"type":"binary-expr","locations":[{"start":{"line":276,"column":10},"end":{"line":276,"column":44}},{"start":{"line":276,"column":44},"end":{"line":276,"column":70}}]},"33":{"loc":{"start":{"line":284,"column":4},"end":{"line":295,"column":null}},"type":"if","locations":[{"start":{"line":284,"column":4},"end":{"line":295,"column":null}},{"start":{},"end":{}}]},"34":{"loc":{"start":{"line":297,"column":4},"end":{"line":309,"column":null}},"type":"if","locations":[{"start":{"line":297,"column":4},"end":{"line":309,"column":null}},{"start":{},"end":{}}]}},"s":{"0":5,"1":5,"2":5,"3":5,"4":5,"5":5,"6":4,"7":1,"8":1,"9":0,"10":0,"11":0,"12":0,"13":1,"14":1,"15":0,"16":0,"17":1,"18":0,"19":0,"20":0,"21":0,"22":1,"23":1,"24":1,"25":1,"26":1,"27":0,"28":0,"29":0,"30":0,"31":0,"32":0,"33":0,"34":0,"35":0,"36":1,"37":1,"38":2,"39":2,"40":2,"41":2,"42":1,"43":1,"44":1,"45":1,"46":1,"47":0,"48":0,"49":0,"50":0,"51":0,"52":0,"53":0,"54":0,"55":0,"56":0,"57":0,"58":0,"59":0,"60":1,"61":2,"62":2,"63":5,"64":4,"65":1,"66":1,"67":3,"68":3,"69":3,"70":3,"71":3,"72":2,"73":2,"74":2,"75":2,"76":1,"77":1,"78":2,"79":2,"80":1,"81":1,"82":2,"83":1,"84":1,"85":5,"86":5,"87":5,"88":5,"89":5,"90":4,"91":4,"92":4,"93":4,"94":2,"95":2,"96":3,"97":3,"98":1,"99":1,"100":1,"101":2,"102":1,"103":1},"f":{"0":5,"1":2,"2":3,"3":2,"4":5,"5":1},"b":{"0":[5,1],"1":[5,3],"2":[4,1],"3":[1,0,0,1,2,2],"4":[0,1],"5":[0,1],"6":[1,1],"7":[0,0],"8":[0,0],"9":[1,0],"10":[1,0],"11":[1,0],"12":[1,0],"13":[0,0],"14":[2,1,1,1,1,1],"15":[1,1],"16":[1,0],"17":[0,0],"18":[0,0],"19":[0,0],"20":[0,0],"21":[0,0],"22":[0,0],"23":[0,0],"24":[0,0],"25":[2,1],"26":[2,1],"27":[1,1],"28":[3,1],"29":[1,3],"30":[4,2],"31":[1,3],"32":[4,2],"33":[1,2],"34":[1,1]}}
,"/Users/banderen/Documents/lab-orders-lite/app/api/tests/route.ts": {"path":"/Users/banderen/Documents/lab-orders-lite/app/api/tests/route.ts","statementMap":{"0":{"start":{"line":7,"column":2},"end":{"line":22,"column":null}},"1":{"start":{"line":8,"column":25},"end":{"line":8,"column":null}},"2":{"start":{"line":9,"column":23},"end":{"line":9,"column":null}},"3":{"start":{"line":11,"column":18},"end":{"line":16,"column":null}},"4":{"start":{"line":18,"column":4},"end":{"line":18,"column":null}},"5":{"start":{"line":20,"column":4},"end":{"line":20,"column":null}},"6":{"start":{"line":21,"column":4},"end":{"line":21,"column":null}},"7":{"start":{"line":26,"column":2},"end":{"line":49,"column":null}},"8":{"start":{"line":27,"column":17},"end":{"line":27,"column":null}},"9":{"start":{"line":28,"column":22},"end":{"line":28,"column":null}},"10":{"start":{"line":30,"column":17},"end":{"line":32,"column":null}},"11":{"start":{"line":34,"column":4},"end":{"line":34,"column":null}},"12":{"start":{"line":36,"column":4},"end":{"line":46,"column":null}},"13":{"start":{"line":37,"column":6},"end":{"line":45,"column":null}},"14":{"start":{"line":39,"column":43},"end":{"line":42,"column":12}},"15":{"start":{"line":47,"column":4},"end":{"line":47,"column":null}},"16":{"start":{"line":48,"column":4},"end":{"line":48,"column":null}}},"fnMap":{"0":{"name":"GET","decl":{"start":{"line":6,"column":22},"end":{"line":6,"column":26}},"loc":{"start":{"line":6,"column":48},"end":{"line":23,"column":null}}},"1":{"name":"POST","decl":{"start":{"line":25,"column":22},"end":{"line":25,"column":27}},"loc":{"start":{"line":25,"column":49},"end":{"line":50,"column":null}}},"2":{"name":"(anonymous_2)","decl":{"start":{"line":39,"column":35},"end":{"line":39,"column":36}},"loc":{"start":{"line":39,"column":43},"end":{"line":42,"column":12}}}},"branchMap":{"0":{"loc":{"start":{"line":12,"column":13},"end":{"line":12,"column":null}},"type":"cond-expr","locations":[{"start":{"line":12,"column":26},"end":{"line":12,"column":47}},{"start":{"line":12,"column":47},"end":{"line":12,"column":null}}]},"1":{"loc":{"start":{"line":36,"column":4},"end":{"line":46,"column":null}},"type":"if","locations":[{"start":{"line":36,"column":4},"end":{"line":46,"column":null}},{"start":{},"end":{}}]}},"s":{"0":3,"1":3,"2":3,"3":3,"4":2,"5":1,"6":1,"7":0,"8":0,"9":0,"10":0,"11":0,"12":0,"13":0,"14":0,"15":0,"16":0},"f":{"0":3,"1":0,"2":0},"b":{"0":[1,2],"1":[0,0]}}
,"/Users/banderen/Documents/lab-orders-lite/app/api/tests/[id]/route.ts": {"path":"/Users/banderen/Documents/lab-orders-lite/app/api/tests/[id]/route.ts","statementMap":{"0":{"start":{"line":6,"column":28},"end":{"line":12,"column":null}},"1":{"start":{"line":15,"column":2},"end":{"line":32,"column":null}},"2":{"start":{"line":16,"column":19},"end":{"line":16,"column":null}},"3":{"start":{"line":17,"column":17},"end":{"line":17,"column":null}},"4":{"start":{"line":18,"column":22},"end":{"line":18,"column":null}},"5":{"start":{"line":20,"column":20},"end":{"line":23,"column":null}},"6":{"start":{"line":25,"column":4},"end":{"line":25,"column":null}},"7":{"start":{"line":27,"column":4},"end":{"line":29,"column":null}},"8":{"start":{"line":28,"column":6},"end":{"line":28,"column":null}},"9":{"start":{"line":30,"column":4},"end":{"line":30,"column":null}},"10":{"start":{"line":31,"column":4},"end":{"line":31,"column":null}}},"fnMap":{"0":{"name":"PATCH","decl":{"start":{"line":14,"column":22},"end":{"line":14,"column":28}},"loc":{"start":{"line":14,"column":99},"end":{"line":33,"column":null}}}},"branchMap":{"0":{"loc":{"start":{"line":27,"column":4},"end":{"line":29,"column":null}},"type":"if","locations":[{"start":{"line":27,"column":4},"end":{"line":29,"column":null}},{"start":{},"end":{}}]}},"s":{"0":0,"1":0,"2":0,"3":0,"4":0,"5":0,"6":0,"7":0,"8":0,"9":0,"10":0},"f":{"0":0},"b":{"0":[0,0]}}
,"/Users/banderen/Documents/lab-orders-lite/hooks/use-order.ts": {"path":"/Users/banderen/Documents/lab-orders-lite/hooks/use-order.ts","statementMap":{"0":{"start":{"line":13,"column":2},"end":{"line":26,"column":null}},"1":{"start":{"line":16,"column":23},"end":{"line":16,"column":null}},"2":{"start":{"line":17,"column":6},"end":{"line":22,"column":null}},"3":{"start":{"line":18,"column":8},"end":{"line":20,"column":null}},"4":{"start":{"line":19,"column":10},"end":{"line":19,"column":null}},"5":{"start":{"line":21,"column":8},"end":{"line":21,"column":null}},"6":{"start":{"line":23,"column":6},"end":{"line":23,"column":null}},"7":{"start":{"line":33,"column":22},"end":{"line":33,"column":null}},"8":{"start":{"line":35,"column":2},"end":{"line":109,"column":null}},"9":{"start":{"line":43,"column":23},"end":{"line":49,"column":null}},"10":{"start":{"line":51,"column":6},"end":{"line":57,"column":null}},"11":{"start":{"line":52,"column":26},"end":{"line":52,"column":null}},"12":{"start":{"line":53,"column":8},"end":{"line":55,"column":null}},"13":{"start":{"line":54,"column":10},"end":{"line":54,"column":null}},"14":{"start":{"line":56,"column":8},"end":{"line":56,"column":null}},"15":{"start":{"line":59,"column":6},"end":{"line":59,"column":null}},"16":{"start":{"line":63,"column":6},"end":{"line":63,"column":null}},"17":{"start":{"line":66,"column":28},"end":{"line":66,"column":null}},"18":{"start":{"line":69,"column":6},"end":{"line":77,"column":null}},"19":{"start":{"line":70,"column":39},"end":{"line":74,"column":null}},"20":{"start":{"line":76,"column":8},"end":{"line":76,"column":null}},"21":{"start":{"line":80,"column":6},"end":{"line":89,"column":null}},"22":{"start":{"line":83,"column":10},"end":{"line":83,"column":null}},"23":{"start":{"line":83,"column":24},"end":{"line":83,"column":null}},"24":{"start":{"line":85,"column":10},"end":{"line":87,"column":null}},"25":{"start":{"line":86,"column":12},"end":{"line":86,"column":null}},"26":{"start":{"line":92,"column":6},"end":{"line":92,"column":null}},"27":{"start":{"line":96,"column":6},"end":{"line":98,"column":null}},"28":{"start":{"line":97,"column":8},"end":{"line":97,"column":null}},"29":{"start":{"line":102,"column":6},"end":{"line":104,"column":null}},"30":{"start":{"line":105,"column":6},"end":{"line":107,"column":null}}},"fnMap":{"0":{"name":"useOrder","decl":{"start":{"line":12,"column":16},"end":{"line":12,"column":25}},"loc":{"start":{"line":12,"column":37},"end":{"line":27,"column":null}}},"1":{"name":"(anonymous_1)","decl":{"start":{"line":15,"column":13},"end":{"line":15,"column":41}},"loc":{"start":{"line":15,"column":41},"end":{"line":24,"column":null}}},"2":{"name":"useUpdateOrderStatus","decl":{"start":{"line":32,"column":16},"end":{"line":32,"column":39}},"loc":{"start":{"line":32,"column":39},"end":{"line":110,"column":null}}},"3":{"name":"(anonymous_3)","decl":{"start":{"line":36,"column":16},"end":{"line":36,"column":23}},"loc":{"start":{"line":42,"column":26},"end":{"line":60,"column":null}}},"4":{"name":"(anonymous_4)","decl":{"start":{"line":61,"column":14},"end":{"line":61,"column":21}},"loc":{"start":{"line":61,"column":45},"end":{"line":93,"column":null}}},"5":{"name":"(anonymous_5)","decl":{"start":{"line":82,"column":8},"end":{"line":82,"column":9}},"loc":{"start":{"line":82,"column":42},"end":{"line":88,"column":null}}},"6":{"name":"(anonymous_6)","decl":{"start":{"line":85,"column":29},"end":{"line":85,"column":30}},"loc":{"start":{"line":86,"column":12},"end":{"line":86,"column":null}}},"7":{"name":"(anonymous_7)","decl":{"start":{"line":94,"column":13},"end":{"line":94,"column":14}},"loc":{"start":{"line":94,"column":42},"end":{"line":99,"column":null}}},"8":{"name":"(anonymous_8)","decl":{"start":{"line":100,"column":15},"end":{"line":100,"column":16}},"loc":{"start":{"line":100,"column":41},"end":{"line":108,"column":null}}}},"branchMap":{"0":{"loc":{"start":{"line":17,"column":6},"end":{"line":22,"column":null}},"type":"if","locations":[{"start":{"line":17,"column":6},"end":{"line":22,"column":null}},{"start":{},"end":{}}]},"1":{"loc":{"start":{"line":18,"column":8},"end":{"line":20,"column":null}},"type":"if","locations":[{"start":{"line":18,"column":8},"end":{"line":20,"column":null}},{"start":{},"end":{}}]},"2":{"loc":{"start":{"line":51,"column":6},"end":{"line":57,"column":null}},"type":"if","locations":[{"start":{"line":51,"column":6},"end":{"line":57,"column":null}},{"start":{},"end":{}}]},"3":{"loc":{"start":{"line":53,"column":8},"end":{"line":55,"column":null}},"type":"if","locations":[{"start":{"line":53,"column":8},"end":{"line":55,"column":null}},{"start":{},"end":{}}]},"4":{"loc":{"start":{"line":69,"column":6},"end":{"line":77,"column":null}},"type":"if","locations":[{"start":{"line":69,"column":6},"end":{"line":77,"column":null}},{"start":{},"end":{}}]},"5":{"loc":{"start":{"line":83,"column":10},"end":{"line":83,"column":null}},"type":"if","locations":[{"start":{"line":83,"column":10},"end":{"line":83,"column":null}},{"start":{},"end":{}}]},"6":{"loc":{"start":{"line":86,"column":12},"end":{"line":86,"column":null}},"type":"cond-expr","locations":[{"start":{"line":86,"column":35},"end":{"line":86,"column":95}},{"start":{"line":86,"column":95},"end":{"line":86,"column":null}}]},"7":{"loc":{"start":{"line":96,"column":6},"end":{"line":98,"column":null}},"type":"if","locations":[{"start":{"line":96,"column":6},"end":{"line":98,"column":null}},{"start":{},"end":{}}]}},"s":{"0":0,"1":0,"2":0,"3":0,"4":0,"5":0,"6":0,"7":0,"8":0,"9":0,"10":0,"11":0,"12":0,"13":0,"14":0,"15":0,"16":0,"17":0,"18":0,"19":0,"20":0,"21":0,"22":0,"23":0,"24":0,"25":0,"26":0,"27":0,"28":0,"29":0,"30":0},"f":{"0":0,"1":0,"2":0,"3":0,"4":0,"5":0,"6":0,"7":0,"8":0},"b":{"0":[0,0],"1":[0,0],"2":[0,0],"3":[0,0],"4":[0,0],"5":[0,0],"6":[0,0],"7":[0,0]}}
,"/Users/banderen/Documents/lab-orders-lite/hooks/use-orders.ts": {"path":"/Users/banderen/Documents/lab-orders-lite/hooks/use-orders.ts","statementMap":{"0":{"start":{"line":44,"column":25},"end":{"line":50,"column":null}},"1":{"start":{"line":46,"column":15},"end":{"line":46,"column":null}},"2":{"start":{"line":47,"column":40},"end":{"line":47,"column":null}},"3":{"start":{"line":48,"column":17},"end":{"line":48,"column":null}},"4":{"start":{"line":49,"column":26},"end":{"line":49,"column":null}},"5":{"start":{"line":56,"column":17},"end":{"line":56,"column":null}},"6":{"start":{"line":57,"column":2},"end":{"line":57,"column":null}},"7":{"start":{"line":57,"column":22},"end":{"line":57,"column":null}},"8":{"start":{"line":58,"column":2},"end":{"line":58,"column":null}},"9":{"start":{"line":58,"column":23},"end":{"line":58,"column":null}},"10":{"start":{"line":59,"column":2},"end":{"line":59,"column":null}},"11":{"start":{"line":59,"column":17},"end":{"line":59,"column":null}},"12":{"start":{"line":61,"column":2},"end":{"line":70,"column":null}},"13":{"start":{"line":64,"column":23},"end":{"line":64,"column":null}},"14":{"start":{"line":65,"column":6},"end":{"line":67,"column":null}},"15":{"start":{"line":66,"column":8},"end":{"line":66,"column":null}},"16":{"start":{"line":68,"column":6},"end":{"line":68,"column":null}},"17":{"start":{"line":77,"column":22},"end":{"line":77,"column":null}},"18":{"start":{"line":79,"column":2},"end":{"line":110,"column":null}},"19":{"start":{"line":82,"column":23},"end":{"line":88,"column":null}},"20":{"start":{"line":90,"column":6},"end":{"line":96,"column":null}},"21":{"start":{"line":91,"column":26},"end":{"line":91,"column":null}},"22":{"start":{"line":92,"column":8},"end":{"line":94,"column":null}},"23":{"start":{"line":93,"column":10},"end":{"line":93,"column":null}},"24":{"start":{"line":93,"column":59},"end":{"line":93,"column":68}},"25":{"start":{"line":95,"column":8},"end":{"line":95,"column":null}},"26":{"start":{"line":98,"column":23},"end":{"line":98,"column":null}},"27":{"start":{"line":101,"column":6},"end":{"line":103,"column":null}},"28":{"start":{"line":106,"column":6},"end":{"line":106,"column":null}},"29":{"start":{"line":108,"column":6},"end":{"line":108,"column":null}}},"fnMap":{"0":{"name":"(anonymous_0)","decl":{"start":{"line":46,"column":9},"end":{"line":46,"column":15}},"loc":{"start":{"line":46,"column":15},"end":{"line":46,"column":null}}},"1":{"name":"(anonymous_1)","decl":{"start":{"line":47,"column":8},"end":{"line":47,"column":9}},"loc":{"start":{"line":47,"column":40},"end":{"line":47,"column":null}}},"2":{"name":"(anonymous_2)","decl":{"start":{"line":48,"column":11},"end":{"line":48,"column":17}},"loc":{"start":{"line":48,"column":17},"end":{"line":48,"column":null}}},"3":{"name":"(anonymous_3)","decl":{"start":{"line":49,"column":10},"end":{"line":49,"column":11}},"loc":{"start":{"line":49,"column":26},"end":{"line":49,"column":null}}},"4":{"name":"useOrders","decl":{"start":{"line":55,"column":16},"end":{"line":55,"column":26}},"loc":{"start":{"line":55,"column":54},"end":{"line":71,"column":null}}},"5":{"name":"(anonymous_5)","decl":{"start":{"line":63,"column":13},"end":{"line":63,"column":43}},"loc":{"start":{"line":63,"column":43},"end":{"line":69,"column":null}}},"6":{"name":"useCreateOrder","decl":{"start":{"line":76,"column":16},"end":{"line":76,"column":33}},"loc":{"start":{"line":76,"column":33},"end":{"line":111,"column":null}}},"7":{"name":"(anonymous_7)","decl":{"start":{"line":80,"column":12},"end":{"line":80,"column":19}},"loc":{"start":{"line":80,"column":62},"end":{"line":109,"column":null}}},"8":{"name":"(anonymous_8)","decl":{"start":{"line":93,"column":47},"end":{"line":93,"column":48}},"loc":{"start":{"line":93,"column":59},"end":{"line":93,"column":68}}}},"branchMap":{"0":{"loc":{"start":{"line":47,"column":9},"end":{"line":47,"column":40}},"type":"default-arg","locations":[{"start":{"line":47,"column":33},"end":{"line":47,"column":40}}]},"1":{"loc":{"start":{"line":55,"column":26},"end":{"line":55,"column":54}},"type":"default-arg","locations":[{"start":{"line":55,"column":50},"end":{"line":55,"column":54}}]},"2":{"loc":{"start":{"line":57,"column":2},"end":{"line":57,"column":null}},"type":"if","locations":[{"start":{"line":57,"column":2},"end":{"line":57,"column":null}},{"start":{},"end":{}}]},"3":{"loc":{"start":{"line":58,"column":2},"end":{"line":58,"column":null}},"type":"if","locations":[{"start":{"line":58,"column":2},"end":{"line":58,"column":null}},{"start":{},"end":{}}]},"4":{"loc":{"start":{"line":59,"column":2},"end":{"line":59,"column":null}},"type":"if","locations":[{"start":{"line":59,"column":2},"end":{"line":59,"column":null}},{"start":{},"end":{}}]},"5":{"loc":{"start":{"line":65,"column":6},"end":{"line":67,"column":null}},"type":"if","locations":[{"start":{"line":65,"column":6},"end":{"line":67,"column":null}},{"start":{},"end":{}}]},"6":{"loc":{"start":{"line":90,"column":6},"end":{"line":96,"column":null}},"type":"if","locations":[{"start":{"line":90,"column":6},"end":{"line":96,"column":null}},{"start":{},"end":{}}]},"7":{"loc":{"start":{"line":92,"column":8},"end":{"line":94,"column":null}},"type":"if","locations":[{"start":{"line":92,"column":8},"end":{"line":94,"column":null}},{"start":{},"end":{}}]}},"s":{"0":1,"1":4,"2":4,"3":2,"4":2,"5":4,"6":4,"7":2,"8":4,"9":2,"10":4,"11":2,"12":4,"13":2,"14":2,"15":1,"16":1,"17":2,"18":2,"19":2,"20":2,"21":1,"22":1,"23":1,"24":1,"25":0,"26":1,"27":1,"28":1,"29":1},"f":{"0":4,"1":4,"2":2,"3":2,"4":4,"5":2,"6":2,"7":2,"8":1},"b":{"0":[0],"1":[2],"2":[2,2],"3":[2,2],"4":[2,2],"5":[1,1],"6":[1,1],"7":[1,0]}}
,"/Users/banderen/Documents/lab-orders-lite/hooks/use-patients.ts": {"path":"/Users/banderen/Documents/lab-orders-lite/hooks/use-patients.ts","statementMap":{"0":{"start":{"line":27,"column":27},"end":{"line":34,"column":null}},"1":{"start":{"line":29,"column":15},"end":{"line":29,"column":null}},"2":{"start":{"line":31,"column":4},"end":{"line":31,"column":null}},"3":{"start":{"line":32,"column":17},"end":{"line":32,"column":null}},"4":{"start":{"line":33,"column":26},"end":{"line":33,"column":null}},"5":{"start":{"line":40,"column":17},"end":{"line":40,"column":null}},"6":{"start":{"line":41,"column":2},"end":{"line":44,"column":null}},"7":{"start":{"line":42,"column":4},"end":{"line":42,"column":null}},"8":{"start":{"line":43,"column":4},"end":{"line":43,"column":null}},"9":{"start":{"line":46,"column":2},"end":{"line":55,"column":null}},"10":{"start":{"line":49,"column":23},"end":{"line":49,"column":null}},"11":{"start":{"line":50,"column":6},"end":{"line":52,"column":null}},"12":{"start":{"line":51,"column":8},"end":{"line":51,"column":null}},"13":{"start":{"line":53,"column":6},"end":{"line":53,"column":null}},"14":{"start":{"line":62,"column":22},"end":{"line":62,"column":null}},"15":{"start":{"line":64,"column":2},"end":{"line":103,"column":null}},"16":{"start":{"line":66,"column":6},"end":{"line":66,"column":null}},"17":{"start":{"line":67,"column":6},"end":{"line":67,"column":null}},"18":{"start":{"line":69,"column":23},"end":{"line":75,"column":null}},"19":{"start":{"line":77,"column":6},"end":{"line":77,"column":null}},"20":{"start":{"line":78,"column":6},"end":{"line":78,"column":null}},"21":{"start":{"line":80,"column":6},"end":{"line":87,"column":null}},"22":{"start":{"line":81,"column":26},"end":{"line":81,"column":null}},"23":{"start":{"line":82,"column":8},"end":{"line":82,"column":null}},"24":{"start":{"line":83,"column":8},"end":{"line":85,"column":null}},"25":{"start":{"line":84,"column":10},"end":{"line":84,"column":null}},"26":{"start":{"line":84,"column":59},"end":{"line":84,"column":68}},"27":{"start":{"line":86,"column":8},"end":{"line":86,"column":null}},"28":{"start":{"line":89,"column":21},"end":{"line":89,"column":null}},"29":{"start":{"line":90,"column":6},"end":{"line":90,"column":null}},"30":{"start":{"line":91,"column":6},"end":{"line":91,"column":null}},"31":{"start":{"line":94,"column":6},"end":{"line":94,"column":null}},"32":{"start":{"line":96,"column":6},"end":{"line":98,"column":null}},"33":{"start":{"line":101,"column":6},"end":{"line":101,"column":null}},"34":{"start":{"line":107,"column":22},"end":{"line":107,"column":null}},"35":{"start":{"line":109,"column":2},"end":{"line":148,"column":null}},"36":{"start":{"line":111,"column":6},"end":{"line":111,"column":null}},"37":{"start":{"line":112,"column":6},"end":{"line":112,"column":null}},"38":{"start":{"line":114,"column":23},"end":{"line":120,"column":null}},"39":{"start":{"line":122,"column":6},"end":{"line":122,"column":null}},"40":{"start":{"line":123,"column":6},"end":{"line":123,"column":null}},"41":{"start":{"line":125,"column":6},"end":{"line":132,"column":null}},"42":{"start":{"line":126,"column":26},"end":{"line":126,"column":null}},"43":{"start":{"line":127,"column":8},"end":{"line":127,"column":null}},"44":{"start":{"line":128,"column":8},"end":{"line":130,"column":null}},"45":{"start":{"line":129,"column":10},"end":{"line":129,"column":null}},"46":{"start":{"line":129,"column":59},"end":{"line":129,"column":68}},"47":{"start":{"line":131,"column":8},"end":{"line":131,"column":null}},"48":{"start":{"line":134,"column":21},"end":{"line":134,"column":null}},"49":{"start":{"line":135,"column":6},"end":{"line":135,"column":null}},"50":{"start":{"line":136,"column":6},"end":{"line":136,"column":null}},"51":{"start":{"line":139,"column":6},"end":{"line":139,"column":null}},"52":{"start":{"line":140,"column":6},"end":{"line":140,"column":null}},"53":{"start":{"line":141,"column":6},"end":{"line":143,"column":null}},"54":{"start":{"line":142,"column":8},"end":{"line":142,"column":null}},"55":{"start":{"line":146,"column":6},"end":{"line":146,"column":null}}},"fnMap":{"0":{"name":"(anonymous_0)","decl":{"start":{"line":29,"column":9},"end":{"line":29,"column":15}},"loc":{"start":{"line":29,"column":15},"end":{"line":29,"column":null}}},"1":{"name":"(anonymous_1)","decl":{"start":{"line":30,"column":8},"end":{"line":30,"column":9}},"loc":{"start":{"line":31,"column":4},"end":{"line":31,"column":null}}},"2":{"name":"(anonymous_2)","decl":{"start":{"line":32,"column":11},"end":{"line":32,"column":17}},"loc":{"start":{"line":32,"column":17},"end":{"line":32,"column":null}}},"3":{"name":"(anonymous_3)","decl":{"start":{"line":33,"column":10},"end":{"line":33,"column":11}},"loc":{"start":{"line":33,"column":26},"end":{"line":33,"column":null}}},"4":{"name":"usePatients","decl":{"start":{"line":39,"column":16},"end":{"line":39,"column":28}},"loc":{"start":{"line":39,"column":82},"end":{"line":56,"column":null}}},"5":{"name":"(anonymous_5)","decl":{"start":{"line":48,"column":13},"end":{"line":48,"column":45}},"loc":{"start":{"line":48,"column":45},"end":{"line":54,"column":null}}},"6":{"name":"useCreatePatient","decl":{"start":{"line":61,"column":16},"end":{"line":61,"column":35}},"loc":{"start":{"line":61,"column":35},"end":{"line":104,"column":null}}},"7":{"name":"(anonymous_7)","decl":{"start":{"line":65,"column":16},"end":{"line":65,"column":23}},"loc":{"start":{"line":65,"column":71},"end":{"line":92,"column":null}}},"8":{"name":"(anonymous_8)","decl":{"start":{"line":84,"column":47},"end":{"line":84,"column":48}},"loc":{"start":{"line":84,"column":59},"end":{"line":84,"column":68}}},"9":{"name":"(anonymous_9)","decl":{"start":{"line":93,"column":15},"end":{"line":93,"column":16}},"loc":{"start":{"line":93,"column":25},"end":{"line":99,"column":null}}},"10":{"name":"(anonymous_10)","decl":{"start":{"line":100,"column":13},"end":{"line":100,"column":14}},"loc":{"start":{"line":100,"column":24},"end":{"line":102,"column":null}}},"11":{"name":"useUpdatePatient","decl":{"start":{"line":106,"column":16},"end":{"line":106,"column":35}},"loc":{"start":{"line":106,"column":35},"end":{"line":149,"column":null}}},"12":{"name":"(anonymous_12)","decl":{"start":{"line":110,"column":16},"end":{"line":110,"column":23}},"loc":{"start":{"line":110,"column":71},"end":{"line":137,"column":null}}},"13":{"name":"(anonymous_13)","decl":{"start":{"line":129,"column":47},"end":{"line":129,"column":48}},"loc":{"start":{"line":129,"column":59},"end":{"line":129,"column":68}}},"14":{"name":"(anonymous_14)","decl":{"start":{"line":138,"column":15},"end":{"line":138,"column":16}},"loc":{"start":{"line":138,"column":25},"end":{"line":144,"column":null}}},"15":{"name":"(anonymous_15)","decl":{"start":{"line":145,"column":13},"end":{"line":145,"column":14}},"loc":{"start":{"line":145,"column":24},"end":{"line":147,"column":null}}}},"branchMap":{"0":{"loc":{"start":{"line":30,"column":9},"end":{"line":30,"column":null}},"type":"default-arg","locations":[{"start":{"line":30,"column":34},"end":{"line":30,"column":null}}]},"1":{"loc":{"start":{"line":39,"column":28},"end":{"line":39,"column":82}},"type":"default-arg","locations":[{"start":{"line":39,"column":53},"end":{"line":39,"column":82}}]},"2":{"loc":{"start":{"line":41,"column":2},"end":{"line":44,"column":null}},"type":"if","locations":[{"start":{"line":41,"column":2},"end":{"line":44,"column":null}},{"start":{},"end":{}}]},"3":{"loc":{"start":{"line":50,"column":6},"end":{"line":52,"column":null}},"type":"if","locations":[{"start":{"line":50,"column":6},"end":{"line":52,"column":null}},{"start":{},"end":{}}]},"4":{"loc":{"start":{"line":80,"column":6},"end":{"line":87,"column":null}},"type":"if","locations":[{"start":{"line":80,"column":6},"end":{"line":87,"column":null}},{"start":{},"end":{}}]},"5":{"loc":{"start":{"line":83,"column":8},"end":{"line":85,"column":null}},"type":"if","locations":[{"start":{"line":83,"column":8},"end":{"line":85,"column":null}},{"start":{},"end":{}}]},"6":{"loc":{"start":{"line":125,"column":6},"end":{"line":132,"column":null}},"type":"if","locations":[{"start":{"line":125,"column":6},"end":{"line":132,"column":null}},{"start":{},"end":{}}]},"7":{"loc":{"start":{"line":128,"column":8},"end":{"line":130,"column":null}},"type":"if","locations":[{"start":{"line":128,"column":8},"end":{"line":130,"column":null}},{"start":{},"end":{}}]},"8":{"loc":{"start":{"line":141,"column":6},"end":{"line":143,"column":null}},"type":"if","locations":[{"start":{"line":141,"column":6},"end":{"line":143,"column":null}},{"start":{},"end":{}}]}},"s":{"0":1,"1":4,"2":4,"3":2,"4":2,"5":4,"6":4,"7":2,"8":2,"9":4,"10":2,"11":2,"12":1,"13":1,"14":3,"15":3,"16":2,"17":2,"18":2,"19":2,"20":2,"21":2,"22":1,"23":1,"24":1,"25":1,"26":1,"27":0,"28":1,"29":1,"30":1,"31":1,"32":1,"33":1,"34":3,"35":3,"36":2,"37":2,"38":2,"39":2,"40":2,"41":2,"42":1,"43":1,"44":1,"45":1,"46":1,"47":0,"48":1,"49":1,"50":1,"51":1,"52":1,"53":1,"54":1,"55":1},"f":{"0":4,"1":4,"2":2,"3":2,"4":4,"5":2,"6":3,"7":2,"8":1,"9":1,"10":1,"11":3,"12":2,"13":1,"14":1,"15":1},"b":{"0":[0],"1":[2],"2":[2,2],"3":[1,1],"4":[1,1],"5":[1,0],"6":[1,1],"7":[1,0],"8":[1,0]}}
,"/Users/banderen/Documents/lab-orders-lite/hooks/use-tests.ts": {"path":"/Users/banderen/Documents/lab-orders-lite/hooks/use-tests.ts","statementMap":{"0":{"start":{"line":31,"column":24},"end":{"line":37,"column":null}},"1":{"start":{"line":33,"column":15},"end":{"line":33,"column":null}},"2":{"start":{"line":34,"column":52},"end":{"line":34,"column":null}},"3":{"start":{"line":35,"column":17},"end":{"line":35,"column":null}},"4":{"start":{"line":36,"column":26},"end":{"line":36,"column":null}},"5":{"start":{"line":43,"column":17},"end":{"line":43,"column":null}},"6":{"start":{"line":44,"column":2},"end":{"line":44,"column":null}},"7":{"start":{"line":44,"column":18},"end":{"line":44,"column":null}},"8":{"start":{"line":46,"column":2},"end":{"line":55,"column":null}},"9":{"start":{"line":49,"column":23},"end":{"line":49,"column":null}},"10":{"start":{"line":50,"column":6},"end":{"line":52,"column":null}},"11":{"start":{"line":51,"column":8},"end":{"line":51,"column":null}},"12":{"start":{"line":53,"column":6},"end":{"line":53,"column":null}},"13":{"start":{"line":62,"column":22},"end":{"line":62,"column":null}},"14":{"start":{"line":64,"column":2},"end":{"line":89,"column":null}},"15":{"start":{"line":66,"column":23},"end":{"line":72,"column":null}},"16":{"start":{"line":74,"column":6},"end":{"line":80,"column":null}},"17":{"start":{"line":75,"column":26},"end":{"line":75,"column":null}},"18":{"start":{"line":76,"column":8},"end":{"line":78,"column":null}},"19":{"start":{"line":77,"column":10},"end":{"line":77,"column":null}},"20":{"start":{"line":77,"column":59},"end":{"line":77,"column":68}},"21":{"start":{"line":79,"column":8},"end":{"line":79,"column":null}},"22":{"start":{"line":82,"column":6},"end":{"line":82,"column":null}},"23":{"start":{"line":85,"column":6},"end":{"line":87,"column":null}},"24":{"start":{"line":96,"column":22},"end":{"line":96,"column":null}},"25":{"start":{"line":98,"column":2},"end":{"line":132,"column":null}},"26":{"start":{"line":106,"column":23},"end":{"line":112,"column":null}},"27":{"start":{"line":114,"column":6},"end":{"line":120,"column":null}},"28":{"start":{"line":115,"column":26},"end":{"line":115,"column":null}},"29":{"start":{"line":116,"column":8},"end":{"line":118,"column":null}},"30":{"start":{"line":117,"column":10},"end":{"line":117,"column":null}},"31":{"start":{"line":117,"column":59},"end":{"line":117,"column":68}},"32":{"start":{"line":119,"column":8},"end":{"line":119,"column":null}},"33":{"start":{"line":122,"column":6},"end":{"line":122,"column":null}},"34":{"start":{"line":126,"column":6},"end":{"line":128,"column":null}},"35":{"start":{"line":130,"column":6},"end":{"line":130,"column":null}}},"fnMap":{"0":{"name":"(anonymous_0)","decl":{"start":{"line":33,"column":9},"end":{"line":33,"column":15}},"loc":{"start":{"line":33,"column":15},"end":{"line":33,"column":null}}},"1":{"name":"(anonymous_1)","decl":{"start":{"line":34,"column":8},"end":{"line":34,"column":9}},"loc":{"start":{"line":34,"column":52},"end":{"line":34,"column":null}}},"2":{"name":"(anonymous_2)","decl":{"start":{"line":35,"column":11},"end":{"line":35,"column":17}},"loc":{"start":{"line":35,"column":17},"end":{"line":35,"column":null}}},"3":{"name":"(anonymous_3)","decl":{"start":{"line":36,"column":10},"end":{"line":36,"column":11}},"loc":{"start":{"line":36,"column":26},"end":{"line":36,"column":null}}},"4":{"name":"useLabTests","decl":{"start":{"line":42,"column":16},"end":{"line":42,"column":28}},"loc":{"start":{"line":42,"column":57},"end":{"line":56,"column":null}}},"5":{"name":"(anonymous_5)","decl":{"start":{"line":48,"column":13},"end":{"line":48,"column":45}},"loc":{"start":{"line":48,"column":45},"end":{"line":54,"column":null}}},"6":{"name":"useCreateLabTest","decl":{"start":{"line":61,"column":16},"end":{"line":61,"column":35}},"loc":{"start":{"line":61,"column":35},"end":{"line":90,"column":null}}},"7":{"name":"(anonymous_7)","decl":{"start":{"line":65,"column":16},"end":{"line":65,"column":23}},"loc":{"start":{"line":65,"column":71},"end":{"line":83,"column":null}}},"8":{"name":"(anonymous_8)","decl":{"start":{"line":77,"column":47},"end":{"line":77,"column":48}},"loc":{"start":{"line":77,"column":59},"end":{"line":77,"column":68}}},"9":{"name":"(anonymous_9)","decl":{"start":{"line":84,"column":15},"end":{"line":84,"column":21}},"loc":{"start":{"line":84,"column":21},"end":{"line":88,"column":null}}},"10":{"name":"useUpdateLabTest","decl":{"start":{"line":95,"column":16},"end":{"line":95,"column":35}},"loc":{"start":{"line":95,"column":35},"end":{"line":133,"column":null}}},"11":{"name":"(anonymous_11)","decl":{"start":{"line":99,"column":16},"end":{"line":99,"column":23}},"loc":{"start":{"line":105,"column":28},"end":{"line":123,"column":null}}},"12":{"name":"(anonymous_12)","decl":{"start":{"line":117,"column":47},"end":{"line":117,"column":48}},"loc":{"start":{"line":117,"column":59},"end":{"line":117,"column":68}}},"13":{"name":"(anonymous_13)","decl":{"start":{"line":124,"column":15},"end":{"line":124,"column":16}},"loc":{"start":{"line":124,"column":40},"end":{"line":131,"column":null}}}},"branchMap":{"0":{"loc":{"start":{"line":34,"column":9},"end":{"line":34,"column":52}},"type":"default-arg","locations":[{"start":{"line":34,"column":45},"end":{"line":34,"column":52}}]},"1":{"loc":{"start":{"line":42,"column":28},"end":{"line":42,"column":57}},"type":"default-arg","locations":[{"start":{"line":42,"column":50},"end":{"line":42,"column":57}}]},"2":{"loc":{"start":{"line":44,"column":2},"end":{"line":44,"column":null}},"type":"if","locations":[{"start":{"line":44,"column":2},"end":{"line":44,"column":null}},{"start":{},"end":{}}]},"3":{"loc":{"start":{"line":50,"column":6},"end":{"line":52,"column":null}},"type":"if","locations":[{"start":{"line":50,"column":6},"end":{"line":52,"column":null}},{"start":{},"end":{}}]},"4":{"loc":{"start":{"line":74,"column":6},"end":{"line":80,"column":null}},"type":"if","locations":[{"start":{"line":74,"column":6},"end":{"line":80,"column":null}},{"start":{},"end":{}}]},"5":{"loc":{"start":{"line":76,"column":8},"end":{"line":78,"column":null}},"type":"if","locations":[{"start":{"line":76,"column":8},"end":{"line":78,"column":null}},{"start":{},"end":{}}]},"6":{"loc":{"start":{"line":114,"column":6},"end":{"line":120,"column":null}},"type":"if","locations":[{"start":{"line":114,"column":6},"end":{"line":120,"column":null}},{"start":{},"end":{}}]},"7":{"loc":{"start":{"line":116,"column":8},"end":{"line":118,"column":null}},"type":"if","locations":[{"start":{"line":116,"column":8},"end":{"line":118,"column":null}},{"start":{},"end":{}}]}},"s":{"0":1,"1":6,"2":4,"3":2,"4":2,"5":4,"6":4,"7":2,"8":4,"9":2,"10":2,"11":1,"12":1,"13":3,"14":3,"15":2,"16":2,"17":1,"18":1,"19":1,"20":1,"21":0,"22":1,"23":1,"24":3,"25":3,"26":2,"27":2,"28":1,"29":1,"30":1,"31":1,"32":0,"33":1,"34":1,"35":1},"f":{"0":6,"1":4,"2":2,"3":2,"4":4,"5":2,"6":3,"7":2,"8":1,"9":1,"10":3,"11":2,"12":1,"13":1},"b":{"0":[0],"1":[2],"2":[2,2],"3":[1,1],"4":[1,1],"5":[1,0],"6":[1,1],"7":[1,0]}}
,"/Users/banderen/Documents/lab-orders-lite/hooks/use-toast.ts": {"path":"/Users/banderen/Documents/lab-orders-lite/hooks/use-toast.ts","statementMap":{"0":{"start":{"line":8,"column":20},"end":{"line":8,"column":null}},"1":{"start":{"line":9,"column":27},"end":{"line":9,"column":null}},"2":{"start":{"line":18,"column":20},"end":{"line":23,"column":null}},"3":{"start":{"line":25,"column":12},"end":{"line":25,"column":null}},"4":{"start":{"line":28,"column":2},"end":{"line":28,"column":null}},"5":{"start":{"line":29,"column":2},"end":{"line":29,"column":null}},"6":{"start":{"line":56,"column":22},"end":{"line":56,"column":null}},"7":{"start":{"line":58,"column":25},"end":{"line":72,"column":null}},"8":{"start":{"line":59,"column":2},"end":{"line":61,"column":null}},"9":{"start":{"line":60,"column":4},"end":{"line":60,"column":null}},"10":{"start":{"line":63,"column":18},"end":{"line":69,"column":null}},"11":{"start":{"line":64,"column":4},"end":{"line":64,"column":null}},"12":{"start":{"line":65,"column":4},"end":{"line":68,"column":null}},"13":{"start":{"line":71,"column":2},"end":{"line":71,"column":null}},"14":{"start":{"line":74,"column":23},"end":{"line":127,"column":null}},"15":{"start":{"line":75,"column":2},"end":{"line":126,"column":null}},"16":{"start":{"line":77,"column":6},"end":{"line":80,"column":null}},"17":{"start":{"line":83,"column":6},"end":{"line":88,"column":null}},"18":{"start":{"line":86,"column":10},"end":{"line":86,"column":null}},"19":{"start":{"line":91,"column":26},"end":{"line":91,"column":null}},"20":{"start":{"line":95,"column":6},"end":{"line":101,"column":null}},"21":{"start":{"line":96,"column":8},"end":{"line":96,"column":null}},"22":{"start":{"line":98,"column":8},"end":{"line":100,"column":null}},"23":{"start":{"line":99,"column":10},"end":{"line":99,"column":null}},"24":{"start":{"line":103,"column":6},"end":{"line":113,"column":null}},"25":{"start":{"line":106,"column":10},"end":{"line":111,"column":null}},"26":{"start":{"line":116,"column":6},"end":{"line":121,"column":null}},"27":{"start":{"line":117,"column":8},"end":{"line":120,"column":null}},"28":{"start":{"line":122,"column":6},"end":{"line":125,"column":null}},"29":{"start":{"line":124,"column":43},"end":{"line":124,"column":66}},"30":{"start":{"line":129,"column":49},"end":{"line":129,"column":null}},"31":{"start":{"line":131,"column":25},"end":{"line":131,"column":null}},"32":{"start":{"line":134,"column":2},"end":{"line":134,"column":null}},"33":{"start":{"line":135,"column":2},"end":{"line":137,"column":null}},"34":{"start":{"line":136,"column":4},"end":{"line":136,"column":null}},"35":{"start":{"line":143,"column":13},"end":{"line":143,"column":null}},"36":{"start":{"line":145,"column":17},"end":{"line":149,"column":null}},"37":{"start":{"line":146,"column":4},"end":{"line":149,"column":null}},"38":{"start":{"line":150,"column":18},"end":{"line":150,"column":null}},"39":{"start":{"line":150,"column":24},"end":{"line":150,"column":null}},"40":{"start":{"line":152,"column":2},"end":{"line":162,"column":null}},"41":{"start":{"line":159,"column":8},"end":{"line":159,"column":null}},"42":{"start":{"line":159,"column":19},"end":{"line":159,"column":null}},"43":{"start":{"line":164,"column":2},"end":{"line":168,"column":null}},"44":{"start":{"line":172,"column":28},"end":{"line":172,"column":null}},"45":{"start":{"line":174,"column":2},"end":{"line":182,"column":null}},"46":{"start":{"line":175,"column":4},"end":{"line":175,"column":null}},"47":{"start":{"line":176,"column":4},"end":{"line":181,"column":null}},"48":{"start":{"line":177,"column":20},"end":{"line":177,"column":null}},"49":{"start":{"line":178,"column":6},"end":{"line":180,"column":null}},"50":{"start":{"line":179,"column":8},"end":{"line":179,"column":null}},"51":{"start":{"line":184,"column":2},"end":{"line":188,"column":null}},"52":{"start":{"line":187,"column":35},"end":{"line":187,"column":null}}},"fnMap":{"0":{"name":"genId","decl":{"start":{"line":27,"column":9},"end":{"line":27,"column":17}},"loc":{"start":{"line":27,"column":17},"end":{"line":30,"column":null}}},"1":{"name":"(anonymous_1)","decl":{"start":{"line":58,"column":25},"end":{"line":58,"column":26}},"loc":{"start":{"line":58,"column":46},"end":{"line":72,"column":null}}},"2":{"name":"(anonymous_2)","decl":{"start":{"line":63,"column":29},"end":{"line":63,"column":35}},"loc":{"start":{"line":63,"column":35},"end":{"line":69,"column":5}}},"3":{"name":"(anonymous_3)","decl":{"start":{"line":74,"column":23},"end":{"line":74,"column":24}},"loc":{"start":{"line":74,"column":64},"end":{"line":127,"column":null}}},"4":{"name":"(anonymous_4)","decl":{"start":{"line":85,"column":33},"end":{"line":85,"column":34}},"loc":{"start":{"line":86,"column":10},"end":{"line":86,"column":null}}},"5":{"name":"(anonymous_5)","decl":{"start":{"line":98,"column":29},"end":{"line":98,"column":30}},"loc":{"start":{"line":98,"column":40},"end":{"line":100,"column":9}}},"6":{"name":"(anonymous_6)","decl":{"start":{"line":105,"column":33},"end":{"line":105,"column":34}},"loc":{"start":{"line":106,"column":10},"end":{"line":111,"column":null}}},"7":{"name":"(anonymous_7)","decl":{"start":{"line":124,"column":36},"end":{"line":124,"column":37}},"loc":{"start":{"line":124,"column":43},"end":{"line":124,"column":66}}},"8":{"name":"dispatch","decl":{"start":{"line":133,"column":9},"end":{"line":133,"column":18}},"loc":{"start":{"line":133,"column":34},"end":{"line":138,"column":null}}},"9":{"name":"(anonymous_9)","decl":{"start":{"line":135,"column":20},"end":{"line":135,"column":21}},"loc":{"start":{"line":135,"column":34},"end":{"line":137,"column":3}}},"10":{"name":"toast","decl":{"start":{"line":142,"column":9},"end":{"line":142,"column":15}},"loc":{"start":{"line":142,"column":36},"end":{"line":169,"column":null}}},"11":{"name":"(anonymous_11)","decl":{"start":{"line":145,"column":17},"end":{"line":145,"column":18}},"loc":{"start":{"line":146,"column":4},"end":{"line":149,"column":null}}},"12":{"name":"(anonymous_12)","decl":{"start":{"line":150,"column":18},"end":{"line":150,"column":24}},"loc":{"start":{"line":150,"column":24},"end":{"line":150,"column":null}}},"13":{"name":"(anonymous_13)","decl":{"start":{"line":158,"column":20},"end":{"line":158,"column":21}},"loc":{"start":{"line":158,"column":30},"end":{"line":160,"column":null}}},"14":{"name":"useToast","decl":{"start":{"line":171,"column":9},"end":{"line":171,"column":20}},"loc":{"start":{"line":171,"column":20},"end":{"line":189,"column":null}}},"15":{"name":"(anonymous_15)","decl":{"start":{"line":174,"column":18},"end":{"line":174,"column":24}},"loc":{"start":{"line":174,"column":24},"end":{"line":182,"column":5}}},"16":{"name":"(anonymous_16)","decl":{"start":{"line":176,"column":11},"end":{"line":176,"column":17}},"loc":{"start":{"line":176,"column":17},"end":{"line":181,"column":null}}},"17":{"name":"(anonymous_17)","decl":{"start":{"line":187,"column":13},"end":{"line":187,"column":14}},"loc":{"start":{"line":187,"column":35},"end":{"line":187,"column":null}}}},"branchMap":{"0":{"loc":{"start":{"line":59,"column":2},"end":{"line":61,"column":null}},"type":"if","locations":[{"start":{"line":59,"column":2},"end":{"line":61,"column":null}},{"start":{},"end":{}}]},"1":{"loc":{"start":{"line":75,"column":2},"end":{"line":126,"column":null}},"type":"switch","locations":[{"start":{"line":76,"column":4},"end":{"line":80,"column":null}},{"start":{"line":82,"column":4},"end":{"line":88,"column":null}},{"start":{"line":90,"column":4},"end":{"line":114,"column":null}},{"start":{"line":115,"column":4},"end":{"line":125,"column":null}}]},"2":{"loc":{"start":{"line":86,"column":10},"end":{"line":86,"column":null}},"type":"cond-expr","locations":[{"start":{"line":86,"column":37},"end":{"line":86,"column":65}},{"start":{"line":86,"column":65},"end":{"line":86,"column":null}}]},"3":{"loc":{"start":{"line":95,"column":6},"end":{"line":101,"column":null}},"type":"if","locations":[{"start":{"line":95,"column":6},"end":{"line":101,"column":null}},{"start":{"line":97,"column":13},"end":{"line":101,"column":null}}]},"4":{"loc":{"start":{"line":106,"column":10},"end":{"line":111,"column":null}},"type":"cond-expr","locations":[{"start":{"line":107,"column":14},"end":{"line":110,"column":null}},{"start":{"line":111,"column":14},"end":{"line":111,"column":null}}]},"5":{"loc":{"start":{"line":106,"column":10},"end":{"line":106,"column":null}},"type":"binary-expr","locations":[{"start":{"line":106,"column":10},"end":{"line":106,"column":30}},{"start":{"line":106,"column":30},"end":{"line":106,"column":null}}]},"6":{"loc":{"start":{"line":116,"column":6},"end":{"line":121,"column":null}},"type":"if","locations":[{"start":{"line":116,"column":6},"end":{"line":121,"column":null}},{"start":{},"end":{}}]},"7":{"loc":{"start":{"line":159,"column":8},"end":{"line":159,"column":null}},"type":"if","locations":[{"start":{"line":159,"column":8},"end":{"line":159,"column":null}},{"start":{},"end":{}}]},"8":{"loc":{"start":{"line":178,"column":6},"end":{"line":180,"column":null}},"type":"if","locations":[{"start":{"line":178,"column":6},"end":{"line":180,"column":null}},{"start":{},"end":{}}]}},"s":{"0":0,"1":0,"2":0,"3":0,"4":0,"5":0,"6":0,"7":0,"8":0,"9":0,"10":0,"11":0,"12":0,"13":0,"14":0,"15":0,"16":0,"17":0,"18":0,"19":0,"20":0,"21":0,"22":0,"23":0,"24":0,"25":0,"26":0,"27":0,"28":0,"29":0,"30":0,"31":0,"32":0,"33":0,"34":0,"35":0,"36":0,"37":0,"38":0,"39":0,"40":0,"41":0,"42":0,"43":0,"44":0,"45":0,"46":0,"47":0,"48":0,"49":0,"50":0,"51":0,"52":0},"f":{"0":0,"1":0,"2":0,"3":0,"4":0,"5":0,"6":0,"7":0,"8":0,"9":0,"10":0,"11":0,"12":0,"13":0,"14":0,"15":0,"16":0,"17":0},"b":{"0":[0,0],"1":[0,0,0,0],"2":[0,0],"3":[0,0],"4":[0,0],"5":[0,0],"6":[0,0],"7":[0,0],"8":[0,0]}}
,"/Users/banderen/Documents/lab-orders-lite/lib/calculations.ts": {"path":"/Users/banderen/Documents/lab-orders-lite/lib/calculations.ts","statementMap":{"0":{"start":{"line":7,"column":2},"end":{"line":7,"column":null}},"1":{"start":{"line":7,"column":37},"end":{"line":7,"column":64}},"2":{"start":{"line":11,"column":2},"end":{"line":13,"column":null}},"3":{"start":{"line":12,"column":4},"end":{"line":12,"column":null}},"4":{"start":{"line":15,"column":24},"end":{"line":15,"column":null}},"5":{"start":{"line":15,"column":56},"end":{"line":15,"column":82}},"6":{"start":{"line":16,"column":17},"end":{"line":16,"column":null}},"7":{"start":{"line":17,"column":2},"end":{"line":17,"column":null}},"8":{"start":{"line":18,"column":2},"end":{"line":18,"column":null}},"9":{"start":{"line":27,"column":2},"end":{"line":30,"column":null}}},"fnMap":{"0":{"name":"calcTotal","decl":{"start":{"line":6,"column":16},"end":{"line":6,"column":26}},"loc":{"start":{"line":6,"column":54},"end":{"line":8,"column":null}}},"1":{"name":"(anonymous_1)","decl":{"start":{"line":7,"column":22},"end":{"line":7,"column":23}},"loc":{"start":{"line":7,"column":37},"end":{"line":7,"column":64}}},"2":{"name":"calcEta","decl":{"start":{"line":10,"column":16},"end":{"line":10,"column":24}},"loc":{"start":{"line":10,"column":66},"end":{"line":19,"column":null}}},"3":{"name":"(anonymous_3)","decl":{"start":{"line":15,"column":46},"end":{"line":15,"column":47}},"loc":{"start":{"line":15,"column":56},"end":{"line":15,"column":82}}},"4":{"name":"formatMoney","decl":{"start":{"line":26,"column":16},"end":{"line":26,"column":28}},"loc":{"start":{"line":26,"column":51},"end":{"line":31,"column":null}}}},"branchMap":{"0":{"loc":{"start":{"line":11,"column":2},"end":{"line":13,"column":null}},"type":"if","locations":[{"start":{"line":11,"column":2},"end":{"line":13,"column":null}},{"start":{},"end":{}}]}},"s":{"0":4,"1":7,"2":5,"3":1,"4":4,"5":8,"6":4,"7":4,"8":4,"9":14},"f":{"0":4,"1":7,"2":5,"3":8,"4":14},"b":{"0":[1,4]}}
,"/Users/banderen/Documents/lab-orders-lite/lib/date.ts": {"path":"/Users/banderen/Documents/lab-orders-lite/lib/date.ts","statementMap":{"0":{"start":{"line":2,"column":17},"end":{"line":2,"column":null}},"1":{"start":{"line":3,"column":2},"end":{"line":3,"column":null}},"2":{"start":{"line":4,"column":2},"end":{"line":4,"column":null}},"3":{"start":{"line":8,"column":12},"end":{"line":8,"column":null}},"4":{"start":{"line":9,"column":2},"end":{"line":13,"column":null}},"5":{"start":{"line":17,"column":12},"end":{"line":17,"column":null}},"6":{"start":{"line":18,"column":2},"end":{"line":24,"column":null}}},"fnMap":{"0":{"name":"addDays","decl":{"start":{"line":1,"column":16},"end":{"line":1,"column":24}},"loc":{"start":{"line":1,"column":56},"end":{"line":5,"column":null}}},"1":{"name":"formatDate","decl":{"start":{"line":7,"column":16},"end":{"line":7,"column":27}},"loc":{"start":{"line":7,"column":56},"end":{"line":14,"column":null}}},"2":{"name":"formatDateTime","decl":{"start":{"line":16,"column":16},"end":{"line":16,"column":31}},"loc":{"start":{"line":16,"column":60},"end":{"line":25,"column":null}}}},"branchMap":{"0":{"loc":{"start":{"line":8,"column":12},"end":{"line":8,"column":null}},"type":"cond-expr","locations":[{"start":{"line":8,"column":39},"end":{"line":8,"column":56}},{"start":{"line":8,"column":56},"end":{"line":8,"column":null}}]},"1":{"loc":{"start":{"line":17,"column":12},"end":{"line":17,"column":null}},"type":"cond-expr","locations":[{"start":{"line":17,"column":39},"end":{"line":17,"column":56}},{"start":{"line":17,"column":56},"end":{"line":17,"column":null}}]}},"s":{"0":1,"1":1,"2":1,"3":2,"4":2,"5":2,"6":2},"f":{"0":1,"1":2,"2":2},"b":{"0":[1,1],"1":[1,1]}}
,"/Users/banderen/Documents/lab-orders-lite/lib/http.ts": {"path":"/Users/banderen/Documents/lab-orders-lite/lib/http.ts","statementMap":{"0":{"start":{"line":17,"column":36},"end":{"line":20,"column":null}},"1":{"start":{"line":17,"column":61},"end":{"line":20,"column":4}},"2":{"start":{"line":22,"column":2},"end":{"line":22,"column":null}},"3":{"start":{"line":29,"column":2},"end":{"line":29,"column":null}},"4":{"start":{"line":36,"column":2},"end":{"line":36,"column":null}},"5":{"start":{"line":43,"column":2},"end":{"line":43,"column":null}}},"fnMap":{"0":{"name":"validationErrorResponse","decl":{"start":{"line":16,"column":16},"end":{"line":16,"column":40}},"loc":{"start":{"line":16,"column":86},"end":{"line":23,"column":null}}},"1":{"name":"(anonymous_1)","decl":{"start":{"line":17,"column":53},"end":{"line":17,"column":54}},"loc":{"start":{"line":17,"column":61},"end":{"line":20,"column":4}}},"2":{"name":"serverErrorResponse","decl":{"start":{"line":28,"column":16},"end":{"line":28,"column":36}},"loc":{"start":{"line":28,"column":93},"end":{"line":30,"column":null}}},"3":{"name":"notFoundResponse","decl":{"start":{"line":35,"column":16},"end":{"line":35,"column":33}},"loc":{"start":{"line":35,"column":87},"end":{"line":37,"column":null}}},"4":{"name":"successResponse","decl":{"start":{"line":42,"column":16},"end":{"line":42,"column":35}},"loc":{"start":{"line":42,"column":83},"end":{"line":44,"column":null}}}},"branchMap":{"0":{"loc":{"start":{"line":28,"column":36},"end":{"line":28,"column":93}},"type":"default-arg","locations":[{"start":{"line":28,"column":54},"end":{"line":28,"column":93}}]},"1":{"loc":{"start":{"line":35,"column":33},"end":{"line":35,"column":87}},"type":"default-arg","locations":[{"start":{"line":35,"column":51},"end":{"line":35,"column":87}}]},"2":{"loc":{"start":{"line":42,"column":44},"end":{"line":42,"column":83}},"type":"default-arg","locations":[{"start":{"line":42,"column":61},"end":{"line":42,"column":83}}]}},"s":{"0":1,"1":1,"2":1,"3":1,"4":1,"5":0},"f":{"0":1,"1":1,"2":1,"3":1,"4":0},"b":{"0":[0],"1":[0],"2":[0]}}
,"/Users/banderen/Documents/lab-orders-lite/lib/phone-formatter.ts": {"path":"/Users/banderen/Documents/lab-orders-lite/lib/phone-formatter.ts","statementMap":{"0":{"start":{"line":8,"column":22},"end":{"line":8,"column":null}},"1":{"start":{"line":11,"column":2},"end":{"line":11,"column":null}},"2":{"start":{"line":11,"column":20},"end":{"line":11,"column":null}},"3":{"start":{"line":14,"column":2},"end":{"line":16,"column":null}},"4":{"start":{"line":15,"column":4},"end":{"line":15,"column":null}},"5":{"start":{"line":19,"column":2},"end":{"line":25,"column":null}},"6":{"start":{"line":20,"column":4},"end":{"line":20,"column":null}},"7":{"start":{"line":21,"column":2},"end":{"line":25,"column":null}},"8":{"start":{"line":22,"column":4},"end":{"line":22,"column":null}},"9":{"start":{"line":24,"column":4},"end":{"line":24,"column":null}},"10":{"start":{"line":34,"column":21},"end":{"line":34,"column":null}},"11":{"start":{"line":35,"column":2},"end":{"line":35,"column":null}}},"fnMap":{"0":{"name":"formatPhoneNumber","decl":{"start":{"line":6,"column":16},"end":{"line":6,"column":34}},"loc":{"start":{"line":6,"column":57},"end":{"line":26,"column":null}}},"1":{"name":"isValidPhoneNumber","decl":{"start":{"line":33,"column":16},"end":{"line":33,"column":35}},"loc":{"start":{"line":33,"column":59},"end":{"line":36,"column":null}}}},"branchMap":{"0":{"loc":{"start":{"line":11,"column":2},"end":{"line":11,"column":null}},"type":"if","locations":[{"start":{"line":11,"column":2},"end":{"line":11,"column":null}},{"start":{},"end":{}}]},"1":{"loc":{"start":{"line":14,"column":2},"end":{"line":16,"column":null}},"type":"if","locations":[{"start":{"line":14,"column":2},"end":{"line":16,"column":null}},{"start":{},"end":{}}]},"2":{"loc":{"start":{"line":19,"column":2},"end":{"line":25,"column":null}},"type":"if","locations":[{"start":{"line":19,"column":2},"end":{"line":25,"column":null}},{"start":{"line":21,"column":2},"end":{"line":25,"column":null}}]},"3":{"loc":{"start":{"line":21,"column":2},"end":{"line":25,"column":null}},"type":"if","locations":[{"start":{"line":21,"column":2},"end":{"line":25,"column":null}},{"start":{"line":23,"column":9},"end":{"line":25,"column":null}}]}},"s":{"0":0,"1":0,"2":0,"3":0,"4":0,"5":0,"6":0,"7":0,"8":0,"9":0,"10":0,"11":0},"f":{"0":0,"1":0},"b":{"0":[0,0],"1":[0,0],"2":[0,0],"3":[0,0]}}
,"/Users/banderen/Documents/lab-orders-lite/lib/prisma.ts": {"path":"/Users/banderen/Documents/lab-orders-lite/lib/prisma.ts","statementMap":{"0":{"start":{"line":3,"column":24},"end":{"line":3,"column":null}},"1":{"start":{"line":7,"column":22},"end":{"line":7,"column":null}},"2":{"start":{"line":9,"column":0},"end":{"line":9,"column":null}},"3":{"start":{"line":9,"column":43},"end":{"line":9,"column":null}}},"fnMap":{},"branchMap":{"0":{"loc":{"start":{"line":7,"column":22},"end":{"line":7,"column":null}},"type":"binary-expr","locations":[{"start":{"line":7,"column":22},"end":{"line":7,"column":48}},{"start":{"line":7,"column":48},"end":{"line":7,"column":null}}]},"1":{"loc":{"start":{"line":9,"column":0},"end":{"line":9,"column":null}},"type":"if","locations":[{"start":{"line":9,"column":0},"end":{"line":9,"column":null}},{"start":{},"end":{}}]}},"s":{"0":0,"1":0,"2":0,"3":0},"f":{},"b":{"0":[0,0],"1":[0,0]}}
,"/Users/banderen/Documents/lab-orders-lite/lib/query-client.tsx": {"path":"/Users/banderen/Documents/lab-orders-lite/lib/query-client.tsx","statementMap":{"0":{"start":{"line":9,"column":24},"end":{"line":19,"column":null}},"1":{"start":{"line":11,"column":6},"end":{"line":18,"column":null}},"2":{"start":{"line":21,"column":2},"end":{"line":21,"column":null}}},"fnMap":{"0":{"name":"QueryProvider","decl":{"start":{"line":8,"column":16},"end":{"line":8,"column":30}},"loc":{"start":{"line":8,"column":75},"end":{"line":22,"column":null}}},"1":{"name":"(anonymous_1)","decl":{"start":{"line":10,"column":4},"end":{"line":10,"column":null}},"loc":{"start":{"line":11,"column":6},"end":{"line":18,"column":null}}}},"branchMap":{},"s":{"0":0,"1":0,"2":0},"f":{"0":0,"1":0},"b":{}}
,"/Users/banderen/Documents/lab-orders-lite/lib/utils.ts": {"path":"/Users/banderen/Documents/lab-orders-lite/lib/utils.ts","statementMap":{"0":{"start":{"line":5,"column":2},"end":{"line":5,"column":null}}},"fnMap":{"0":{"name":"cn","decl":{"start":{"line":4,"column":16},"end":{"line":4,"column":22}},"loc":{"start":{"line":4,"column":44},"end":{"line":6,"column":null}}}},"branchMap":{},"s":{"0":2},"f":{"0":2},"b":{}}
,"/Users/banderen/Documents/lab-orders-lite/lib/validation/order.ts": {"path":"/Users/banderen/Documents/lab-orders-lite/lib/validation/order.ts","statementMap":{"0":{"start":{"line":3,"column":31},"end":{"line":7,"column":null}},"1":{"start":{"line":9,"column":33},"end":{"line":12,"column":null}},"2":{"start":{"line":14,"column":39},"end":{"line":16,"column":null}}},"fnMap":{},"branchMap":{},"s":{"0":4,"1":4,"2":4},"f":{},"b":{}}
,"/Users/banderen/Documents/lab-orders-lite/lib/validation/patient.ts": {"path":"/Users/banderen/Documents/lab-orders-lite/lib/validation/patient.ts","statementMap":{"0":{"start":{"line":4,"column":19},"end":{"line":4,"column":null}},"1":{"start":{"line":6,"column":26},"end":{"line":17,"column":null}},"2":{"start":{"line":8,"column":34},"end":{"line":8,"column":59}},"3":{"start":{"line":19,"column":29},"end":{"line":19,"column":null}},"4":{"start":{"line":21,"column":35},"end":{"line":43,"column":null}},"5":{"start":{"line":27,"column":28},"end":{"line":27,"column":null}},"6":{"start":{"line":28,"column":4},"end":{"line":34,"column":null}},"7":{"start":{"line":29,"column":6},"end":{"line":33,"column":null}},"8":{"start":{"line":36,"column":4},"end":{"line":42,"column":null}},"9":{"start":{"line":37,"column":6},"end":{"line":41,"column":null}}},"fnMap":{"0":{"name":"(anonymous_0)","decl":{"start":{"line":8,"column":25},"end":{"line":8,"column":26}},"loc":{"start":{"line":8,"column":34},"end":{"line":8,"column":59}}},"1":{"name":"(anonymous_1)","decl":{"start":{"line":26,"column":15},"end":{"line":26,"column":16}},"loc":{"start":{"line":26,"column":30},"end":{"line":43,"column":3}}}},"branchMap":{"0":{"loc":{"start":{"line":28,"column":4},"end":{"line":34,"column":null}},"type":"if","locations":[{"start":{"line":28,"column":4},"end":{"line":34,"column":null}},{"start":{},"end":{}}]},"1":{"loc":{"start":{"line":36,"column":4},"end":{"line":42,"column":null}},"type":"if","locations":[{"start":{"line":36,"column":4},"end":{"line":42,"column":null}},{"start":{},"end":{}}]}},"s":{"0":4,"1":4,"2":33,"3":4,"4":4,"5":9,"6":9,"7":0,"8":9,"9":2},"f":{"0":33,"1":9},"b":{"0":[0,9],"1":[2,7]}}
,"/Users/banderen/Documents/lab-orders-lite/lib/validation/test.ts": {"path":"/Users/banderen/Documents/lab-orders-lite/lib/validation/test.ts","statementMap":{"0":{"start":{"line":3,"column":29},"end":{"line":9,"column":null}}},"fnMap":{},"branchMap":{},"s":{"0":2},"f":{},"b":{}}
}
